make all --print-data-base --no-builtin-variables --no-builtin-rules --question
# GNU Make 3.81
# Copyright (C) 2006  Free Software Foundation, Inc.
# This is free software; see the source for copying conditions.
# There is NO warranty; not even for MERCHANTABILITY or FITNESS FOR A
# PARTICULAR PURPOSE.

# This program built for i386-apple-darwin11.3.0
 
make: *** No rule to make target `s21_string_test.o', needed by `all'
.  Stop.


# Make data base, printed on Tue Aug  9 21:07:28 2022
 

# Variables

# automatic
<D = $(patsubst %/,%,$(dir $<))
# automatic
?F = $(notdir $?)
# makefile (from `makefile', line 7)
OBJ = s21_string_test.c s21_string.c
# automatic
?D = $(patsubst %/,%,$(dir $?))
# automatic
@D = $(patsubst %/,%,$(dir $@))
# automatic
@F = $(notdir $@)
# makefile
CURDIR := /Users/kwaltzbu/T10D16-0/src
# makefile
SHELL = /bin/sh
# environment
VSCODE_NLS_CONFIG = {"locale":"ru","availableLanguages":{},"_languagePackSupport":true}
# environment
_ = /usr/bin/make
# makefile (from `makefile', line 4)
CFLAGS = -Wall -Werror -Wextra -c
# makefile (from `makefile', line 1)
MAKEFILE_LIST :=  makefile
# makefile (from `makefile', line 5)
SOURCES = s21_string_test.c s21_string.c
# environment
__CFBundleIdentifier = com.microsoft.VSCode
# environment
VSCODE_CWD = /
# environment
PATH = /usr/local/bin:/usr/bin:/bin:/usr/sbin:/sbin:/usr/local/go/bin:/usr/local/munki:/Library/Apple/usr/bin
# environment
C_INCLUDE_PATH = /usr/local/include/
# environment
LIBRARY_PATH = /usr/local/Cellar/check/0.15.2/lib:/usr/local/lib
# environment
ELECTRON_RUN_AS_NODE = 1
# default
.FEATURES := target-specific order-only second-expansion else-if archives jobserver check-symlink
# environment
SSH_AUTH_SOCK = /private/tmp/com.apple.launchd.GbWwRhdBmM/Listeners
# environment
CPLUS_INCLUDE_PATH = /usr/local/include/
# automatic
%F = $(notdir $%)
# environment
PWD = /Users/kwaltzbu/T10D16-0/src
# environment
ORIGINAL_XDG_CURRENT_DESKTOP = undefined
# environment
VSCODE_AMD_ENTRYPOINT = vs/workbench/api/node/extensionHostProcess
# environment
HOME = /Users/kwaltzbu
# default
MAKEFILEPATH := /Applications/Xcode.app/Contents/Developer/Makefiles
# environment
VSCODE_CODE_CACHE_PATH = /Users/kwaltzbu/Library/Application Support/Code/CachedData/da76f93349a72022ca4670c1b84860304616aaa2
# environment
LOGNAME = kwaltzbu
# environment
APPLICATION_INSIGHTS_NO_DIAGNOSTIC_CHANNEL = true
# environment
VSCODE_HANDLES_UNCAUGHT_ERRORS = true
# automatic
^D = $(patsubst %/,%,$(dir $^))
# environment
XPC_FLAGS = 0x0
# default
MAKE = $(MAKE_COMMAND)
# default
MAKECMDGOALS := all
# environment
SHLVL = 1
# makefile (from `makefile', line 3)
CC = gcc
# default
MAKE_VERSION := 3.81
# environment
USER = kwaltzbu
# makefile
.DEFAULT_GOAL := all
# automatic
%D = $(patsubst %/,%,$(dir $%))
# default
MAKE_COMMAND := /Applications/Xcode.app/Contents/Developer/usr/bin/make
# default
.VARIABLES := 
# environment
TMPDIR = /var/folders/zz/zyxvpxvq6csfxvn_n000cpbh0035kw/T/
# automatic
*F = $(notdir $*)
# environment
VSCODE_IPC_HOOK = /Users/kwaltzbu/Library/Application Support/Code/1.70.0-main.sock
# environment
MallocNanoZone = 0
# makefile
MAKEFLAGS = Rrqp
# environment
MFLAGS = -Rrqp
# automatic
*D = $(patsubst %/,%,$(dir $*))
# environment
XPC_SERVICE_NAME = application.com.microsoft.VSCode.5669126.5669332
# automatic
+D = $(patsubst %/,%,$(dir $+))
# automatic
+F = $(notdir $+)
# makefile (from `makefile', line 9)
QUESTS = Quest1 Quest2 Quest3 Quest4 Quest5 Quest6
# environment
__CF_USER_TEXT_ENCODING = 0x1965C:0x7:0x31
# environment
COMMAND_MODE = unix2003
# default
MAKEFILES := 
# automatic
<F = $(notdir $<)
# makefile (from `makefile', line 8)
EXECUTABLE = main
# environment
LC_ALL = C
# automatic
^F = $(notdir $^)
# default
SUFFIXES := 
# default
.INCLUDE_DIRS = /usr/local/include
# environment
MAKELEVEL := 0
# makefile (from `makefile', line 6)
OBJECTS = $(SOURCES:.c=.o)
# environment
LANG = C
# environment
VSCODE_PID = 2686
# variable set hash-table stats:
# Load=68/1024=7%, Rehash=0, Collisions=2/97=2%

# Pattern-specific Variable Values

# No pattern-specific variable values.

# Directories

# . (device 16777227, inode 468865): 8 files, no impossibilities.

# 8 files, no impossibilities in 1 directories.

# Implicit Rules

# No implicit rules.

# Files

STRLEN:
#  Phony target (prerequisite of .PHONY).
#  Implicit rule search has not been done.
#  File does not exist.
#  File has not been updated.
#  commands to execute (from `makefile', line 35):
	$(CC) -DSTRLEN $(CFLAGS) -c s21_string_test.c -o s21_string_test.o
 
	$(CC) -DSTRLEN $(CFLAGS) -c s21_string.c -o s21_string.o
	

# Not a target:
s21_string_test.o:
#  Implicit rule search has been done.
#  File does not exist.
#  File has not been updated.
# variable set hash-table stats:
# Load=0/32=0%, Rehash=0, Collisions=0/0=0%

all: s21_string_test.o s21_string.o
#  Command-line target.
#  Implicit rule search has not been done.
#  File does not exist.
#  File has not been updated.
# variable set hash-table stats:
# Load=0/32=0%, Rehash=0, Collisions=0/0=0%
#  commands to execute (from `makefile', line 12):
	$(CC) $(OBJECTS) -o $(EXECUTABLE)
	

.o: .c
#  Implicit rule search has not been done.
#  Modification time never checked.
#  File has not been updated.
#  commands to execute (from `makefile', line 55):
	$(CC) $(CFLAGS) -c $< -o $@
	

.PHONY: STRLEN STRCMP STRCPY STRCAT
#  Implicit rule search has not been done.
#  Modification time never checked.
#  File has not been updated.

# Not a target:
.SUFFIXES:
#  Implicit rule search has not been done.
#  Modification time never checked.
#  File has not been updated.

rebuild: clean all
#  Implicit rule search has not been done.
#  Modification time never checked.
#  File has not been updated.

strlen_tests: STRLEN
#  Implicit rule search has not been done.
#  Modification time never checked.
#  File has not been updated.
#  commands to execute (from `makefile', line 20):
	$(CC) $(OBJECTS) -o Quest1
	

# Not a target:
makefile:
#  Implicit rule search has been done.
#  Last modified 2022-08-09 19:45:17
#  File has been updated.
#  Successfully updated.
# variable set hash-table stats:
# Load=0/32=0%, Rehash=0, Collisions=0/0=0%

STRCHR:
#  Implicit rule search has not been done.
#  Modification time never checked.
#  File has not been updated.
#  commands to execute (from `makefile', line 51):
	$(CC) -DSTRCHR $(CFLAGS) -c s21_string_test.c -o s21_string_test.o
	$(CC) -DSTRCHR $(CFLAGS) -c s21_string.c -o s21_string.o
	

s21_strchr_test: STRCHR
#  Implicit rule search has not been done.
#  Modification time never checked.
#  File has not been updated.
#  commands to execute (from `makefile', line 32):
	$(CC) $(OBJECTS) -o Quest5
	

# Not a target:
s21_string.o:
#  Implicit rule search has not been done.
#  Modification time never checked.
#  File has not been updated.

STRCPY:
#  Phony target (prerequisite of .PHONY).
#  Implicit rule search has not been done.
#  File does not exist.
#  File has not been updated.
#  commands to execute (from `makefile', line 43):
	$(CC) -DSTRCPY $(CFLAGS) -c s21_string_test.c -o s21_string_test.o
	$(CC) -DSTRCPY $(CFLAGS) -c s21_string.c -o s21_string.o
	

STRCMP:
#  Phony target (prerequisite of .PHONY).
#  Implicit rule search has not been done.
#  File does not exist.
#  File has not been updated.
#  commands to execute (from `makefile', line 39):
	$(CC) -DSTRCMP $(CFLAGS) -c s21_string_test.c -o s21_string_test.o
	$(CC) -DSTRCMP $(CFLAGS) -c s21_string.c -o s21_string.o
	

# Not a target:
.c:
#  Implicit rule search has not been done.
#  Modification time never checked.
#  File has not been updated.

STRCAT:
#  Phony target (prerequisite of .PHONY).
 
#  Implicit rule search has not been done.
#  File does not exist.
#  File has not been updated.
#  commands to execute (from `makefile', line 47):
	$(CC) -DSTRCAT $(CFLAGS) -c s21_string_test.c -o s21_string_test.o
	$(CC) -DSTRCAT $(CFLAGS) -c s21_string.c -o s21_string.o
	

strcat_tests: STRCAT
#  Implicit rule search has not been done.
#  Modification time never checked.
#  File has not been updated.
#  commands to execute (from `makefile', line 29):
	$(CC) $(OBJECTS) -o Quest4
	

# Not a target:
.DEFAULT:
#  Implicit rule search has not been done.
#  Modification time never checked.
#  File has not been updated.

clean:
#  Implicit rule search has not been done.
#  Modification time never checked.
#  File has not been updated.
#  commands to execute (from `makefile', line 58):
	-rm $(OBJECTS)
	-rm $(EXECUTABLE)
	-rm $(QUESTS)
	

main: s21_string_test.o s21_string.o
#  Implicit rule search has not been done.
#  Modification time never checked.
#  File has not been updated.
#  commands to execute (from `makefile', line 15):
	$(CC) $(OBJECTS) -o $(EXECUTABLE)
	

strcpy_tests: STRCPY
#  Implicit rule search has not been done.
#  Modification time never checked.
#  File has not been updated.
#  commands to execute (from `makefile', line 26):
	$(CC) $(OBJECTS) -o Quest3
	

strcmp_tests: STRCMP
#  Implicit rule search has not been done.
#  Modification time never checked.
#  File has not been updated.
#  commands to execute (from `makefile', line 23):
	$(CC) $(OBJECTS) -o Quest2
	

# files hash-table stats:
# Load=22/1024=2%, Rehash=0, Collisions=0/51=0%
# VPATH Search Paths

# No `vpath' search paths.

# No general (`VPATH' variable) search path.

# # of strings in strcache: 1
# # of strcache buffers: 1
# strcache size: total = 4096 / max = 4096 / min = 4096 / avg = 4096
# strcache free: total = 4087 / max = 4087 / min = 4087 / avg = 4087

# Finished Make data base on Tue Aug  9 21:07:28 2022

 
